User #{ curl/7.71.1} requested file ext {css}
User #{ curl/7.71.1} requested file ext {css}
User #{ curl/7.71.1} requested file ext {css}
User #{ ApacheBench/2.3} requested file ext {html}
User #{ ApacheBench/2.3} requested file ext {html}
User #{ ApacheBench/2.3} requested file ext {html}
User #{ ApacheBench/2.3} requested file ext {html}
User #{ ApacheBench/2.3} requested file ext {html}
User #{ ApacheBench/2.3} requested file ext {html}
User #{ ApacheBench/2.3} requested file ext {html}
User #{ ApacheBench/2.3} requested file ext {html}
User #{ ApacheBench/2.3} requested file ext {html}
User #{ ApacheBench/2.3} requested file ext {html}
User #{ Mozilla/5.0 (X11; Linux x86_64) AppleWebKit/537.36 (KHTML, like Gecko) Chrome/85.0.4183.83 Safari/537.36} requested file ext {html}
User #{ Mozilla/5.0 (X11; Linux x86_64) AppleWebKit/537.36 (KHTML, like Gecko) Chrome/85.0.4183.83 Safari/537.36} requested file ext {css}
User #{ Mozilla/5.0 (X11; Linux x86_64) AppleWebKit/537.36 (KHTML, like Gecko) Chrome/85.0.4183.83 Safari/537.36} requested file ext {css}
User #{ Mozilla/5.0 (X11; Linux x86_64) AppleWebKit/537.36 (KHTML, like Gecko) Chrome/85.0.4183.83 Safari/537.36} requested file ext {}
User #{ Mozilla/5.0 (X11; Linux x86_64) AppleWebKit/537.36 (KHTML, like Gecko) Chrome/85.0.4183.83 Safari/537.36} requested file ext {png}
User #{ Mozilla/5.0 (X11; Linux x86_64) AppleWebKit/537.36 (KHTML, like Gecko) Chrome/85.0.4183.83 Safari/537.36} requested file ext {js}
User #{ Mozilla/5.0 (X11; Linux x86_64) AppleWebKit/537.36 (KHTML, like Gecko) Chrome/85.0.4183.83 Safari/537.36} requested file ext {js}
User #{ curl/7.71.1} requested file ext {css}
User #{ ApacheBench/2.3} requested file ext {css}
User #{ ApacheBench/2.3} requested file ext {css}
User #{ ApacheBench/2.3P:¨)£U} requested file ext {css}
User #{ ApacheBench/2.3} requested file ext {css}
User #{ ApacheBench/2.3} requested file ext {css}
User #{ ApacheBench/2.3} requested file ext {css}
User #{ ApacheBench/2.3} requested file ext {css}
User #{ ApacheBench/2.3} requested file ext {css}
User #{ ApacheBench/2.3} requested file ext {css}
User #{ ApacheBench/2.3} requested file ext {css}
User #{ ApacheBench/2.3} requested file ext {css}
User #{ ApacheBench/2.3} requested file ext {css}
User #{ ApacheBench/2.3} requested file ext {css}
User #{ ApacheBench/2.3} requested file ext {css}
User #{ ApacheBench/2.3} requested file ext {css}
User #{ ApacheBench/2.3} requested file ext {css}
User #{ ApacheBench/2.3} requested file ext {css}
User #{ ApacheBench/2.3} requested file ext {css}
User #{ ApacheBench/2.3} requested file ext {css}
User #{ ApacheBench/2.3} requested file ext {css}
User #{ ApacheBench/2.3} requested file ext {css}
User #{ ApacheBench/2.3} requested file ext {css}
User #{ ApacheBench/2.3} requested file ext {css}
User #{ ApacheBench/2.3} requested file ext {css}
User #{ ApacheBench/2.3} requested file ext {css}
User #{ ApacheBench/2.3} requested file ext {css}
User #{ ApacheBench/2.3} requested file ext {css}
User #{ ApacheBench/2.3} requested file ext {css}
User #{ ApacheBench/2.3} requested file ext {css}
User #{ ApacheBench/2.3} requested file ext {css}
User #{ ApacheBench/2.3} requested file ext {css}
User #{ ApacheBench/2.3} requested file ext {css}
User #{ ApacheBench/2.3} requested file ext {css}
User #{ ApacheBench/2.3} requested file ext {css}
User #{ ApacheBench/2.3} requested file ext {css}
User #{ ApacheBench/2.3} requested file ext {css}
User #{ ApacheBench/2.3} requested file ext {css}
User #{ ApacheBench/2.3} requested file ext {css}
User #{ ApacheBench/2.3} requested file ext {css}
User #{ ApacheBench/2.3} requested file ext {css}
User #{ ApacheBench/2.3} requested file ext {css}
User #{ ApacheBench/2.3} requested file ext {css}
User #{ ApacheBench/2.3} requested file ext {css}
User #{ ApacheBench/2.3} requested file ext {css}
User #{ ApacheBench/2.3} requested file ext {css}
User #{ ApacheBench/2.3} requested file ext {css}
User #{ ApacheBench/2.3} requested file ext {css}
User #{ ApacheBench/2.3} requested file ext {css}
User #{ ApacheBench/2.3} requested file ext {css}
User #{ ApacheBench/2.3} requested file ext {css}
User #{ ApacheBench/2.3} requested file ext {css}
User #{ ApacheBench/2.3} requested file ext {css}
User #{ ApacheBench/2.3} requested file ext {css}
User #{ ApacheBench/2.3} requested file ext {css}
User #{ ApacheBench/2.3} requested file ext {css}
User #{ ApacheBench/2.3} requested file ext {css}
User #{ ApacheBench/2.3} requested file ext {css}
User #{ ApacheBench/2.3} requested file ext {css}
User #{ ApacheBench/2.3} requested file ext {css}
User #{ ApacheBench/2.3} requested file ext {css}
User #{ ApacheBench/2.3} requested file ext {css}
User #{ ApacheBench/2.3} requested file ext {css}
User #{ ApacheBench/2.3} requested file ext {css}
User #{ ApacheBench/2.3} requested file ext {css}
User #{ ApacheBench/2.3} requested file ext {css}
User #{ ApacheBench/2.3} requested file ext {css}
User #{ ApacheBench/2.3} requested file ext {css}
User #{ ApacheBench/2.3} requested file ext {css}
User #{ ApacheBench/2.3} requested file ext {css}
User #{ ApacheBench/2.3} requested file ext {css}
User #{ ApacheBench/2.3} requested file ext {css}
User #{ ApacheBench/2.3} requested file ext {css}
User #{ ApacheBench/2.3} requested file ext {css}
User #{ ApacheBench/2.3} requested file ext {css}
User #{ ApacheBench/2.3} requested file ext {css}
User #{ ApacheBench/2.3} requested file ext {css}
User #{ ApacheBench/2.3} requested file ext {css}
User #{ ApacheBench/2.3} requested file ext {css}
User #{ ApacheBench/2.3} requested file ext {css}
User #{ ApacheBench/2.3} requested file ext {css}
User #{ ApacheBench/2.3} requested file ext {css}
User #{ ApacheBench/2.3} requested file ext {css}
User #{ ApacheBench/2.3} requested file ext {css}
User #{ ApacheBench/2.3} requested file ext {css}
User #{ ApacheBench/2.3} requested file ext {css}
User #{ ApacheBench/2.3} requested file ext {css}
User #{ ApacheBench/2.3} requested file ext {css}
User #{ ApacheBench/2.3} requested file ext {css}
User #{ ApacheBench/2.3} requested file ext {css}
User #{ ApacheBench/2.3} requested file ext {css}
User #{ ApacheBench/2.3} requested file ext {css}
User #{ ApacheBench/2.3} requested file ext {css}
User #{ ApacheBench/2.3} requested file ext {css}
User #{ ApacheBench/2.3} requested file ext {css}
User #{ ApacheBench/2.3} requested file ext {css}
User #{ ApacheBench/2.3} requested file ext {css}
User #{ ApacheBench/2.3} requested file ext {css}
User #{ ApacheBench/2.3} requested file ext {css}
User #{ ApacheBench/2.3} requested file ext {css}
User #{ ApacheBench/2.3} requested file ext {css}
User #{ want some files} requested file ext {css}
User #{ curl/7.71.1} requested file ext {css}
User #{ someUserAgent} requested file ext {css}
User #{ agent007} requested file ext {css}
User #{ got it all} requested file ext {css}
User #{ intelligent} requested file ext {css}
User #{ try it} requested file ext {css}
User #{ try it} requested file ext {css}
User #{ make it rain} requested file ext {css}
User #{ make it rain} requested file ext {css}
User #{ try it} requested file ext {css}
User #{ onceU} requested file ext {css}
User #{ onceU} requested file ext {css}
User #{ onceU} requested file ext {css}
User #{ onceU} requested file ext {css}
User #{ userU} requested file ext {css}
User #{ userU} requested file ext {css}
User #{ userU} requested file ext {css}
User #{ onceU} requested file ext {css}
User #{ cookies.jpg} requested file ext {}
